<?xml version="1.0" encoding="UTF-8"?>
<testng-results ignored="0" total="1" passed="1" failed="0" skipped="0">
  <reporter-output>
  </reporter-output>
  <suite started-at="2021-12-13T09:38:58Z" name="Surefire suite" finished-at="2021-12-13T09:38:58Z" duration-ms="46">
    <groups>
    </groups>
    <test started-at="2021-12-13T09:38:58Z" name="Surefire test" finished-at="2021-12-13T09:38:58Z" duration-ms="46">
      <class name="org.com.SeleniumPractice.AppTest">
        <test-method signature="testApp()[pri:0, instance:org.com.SeleniumPractice.AppTest@de3a06f]" started-at="2021-12-13T09:38:58Z" name="testApp" finished-at="2021-12-13T09:38:58Z" duration-ms="14" status="PASS">
          <reporter-output>
          </reporter-output>
        </test-method> <!-- testApp -->
      </class> <!-- org.com.SeleniumPractice.AppTest -->
    </test> <!-- Surefire test -->
  </suite> <!-- Surefire suite -->
</testng-results>
