<?xml version="1.0" encoding="UTF-8"?>
<testng-results ignored="0" total="1" passed="1" failed="0" skipped="0">
  <reporter-output>
  </reporter-output>
  <suite started-at="2021-12-22T09:58:16Z" name="Suite" finished-at="2021-12-22T10:04:19Z" duration-ms="362426">
    <groups>
      <group name="cucumber scenarios">
        <method signature="TestRunner.scenario(io.cucumber.testng.PickleWrapper, io.cucumber.testng.FeatureWrapper)[pri:0, instance:org.com.runner.TestRunner@6440112d]" name="scenario" class="org.com.runner.TestRunner"/>
      </group> <!-- cucumber scenarios -->
    </groups>
    <test started-at="2021-12-22T09:58:16Z" name="Default test" finished-at="2021-12-22T10:04:19Z" duration-ms="362426">
      <class name="org.com.runner.TestRunner">
        <test-method is-config="true" signature="beforeClass()[pri:0, instance:org.com.runner.TestRunner@6440112d]" started-at="2021-12-22T09:58:16Z" name="beforeClass" test-instance-name="&quot;TC01-PrintResultsOfWebContentAccessibilityGuidelines&quot;" finished-at="2021-12-22T09:58:18Z" duration-ms="2073" status="PASS">
          <reporter-output>
          </reporter-output>
        </test-method> <!-- beforeClass -->
        <test-method is-config="true" signature="beforeMethod(java.lang.reflect.Method, [Ljava.lang.Object;)[pri:0, instance:org.com.runner.TestRunner@6440112d]" started-at="2021-12-22T09:58:18Z" name="beforeMethod" test-instance-name="&quot;TC01-PrintResultsOfWebContentAccessibilityGuidelines&quot;" finished-at="2021-12-22T09:58:18Z" duration-ms="1" status="PASS">
          <params>
            <param index="0">
              <value>
                <![CDATA[public void org.com.runner.TestRunner.scenario(io.cucumber.testng.PickleWrapper,io.cucumber.testng.FeatureWrapper) throws java.lang.Throwable]]>
              </value>
            </param>
            <param index="1">
              <value>
                <![CDATA[[Ljava.lang.Object;@2a16d4dc]]>
              </value>
            </param>
          </params>
          <reporter-output>
          </reporter-output>
        </test-method> <!-- beforeMethod -->
        <test-method signature="scenario(io.cucumber.testng.PickleWrapper, io.cucumber.testng.FeatureWrapper)[pri:0, instance:org.com.runner.TestRunner@6440112d]" started-at="2021-12-22T09:58:18Z" name="scenario" data-provider="scenarios" test-instance-name="&quot;TC01-PrintResultsOfWebContentAccessibilityGuidelines&quot;" finished-at="2021-12-22T10:04:18Z" duration-ms="359870" status="PASS">
          <params>
            <param index="0">
              <value>
                <![CDATA["TC01-PrintResultsOfWebContentAccessibilityGuidelines"]]>
              </value>
            </param>
            <param index="1">
              <value>
                <![CDATA["Optional[Accesibility Tests]"]]>
              </value>
            </param>
          </params>
          <reporter-output>
          </reporter-output>
        </test-method> <!-- scenario -->
        <test-method is-config="true" signature="tearDown()[pri:0, instance:org.com.runner.TestRunner@6440112d]" started-at="2021-12-22T10:04:18Z" name="tearDown" test-instance-name="&quot;TC01-PrintResultsOfWebContentAccessibilityGuidelines&quot;" finished-at="2021-12-22T10:04:19Z" duration-ms="350" status="PASS">
          <reporter-output>
          </reporter-output>
        </test-method> <!-- tearDown -->
      </class> <!-- org.com.runner.TestRunner -->
    </test> <!-- Default test -->
  </suite> <!-- Suite -->
</testng-results>
